2016-03-09 19:46:41.637+0000 INFO  [o.n.k.i.f.CommunityFacadeFactory] No locking implementation specified, defaulting to 'community'
2016-03-09 19:46:41.740+0000 INFO  [o.n.k.i.DiagnosticsManager] --- INITIALIZED diagnostics START ---
2016-03-09 19:46:41.740+0000 INFO  [o.n.k.i.DiagnosticsManager] Neo4j Kernel properties:
2016-03-09 19:46:41.740+0000 INFO  [o.n.k.i.DiagnosticsManager] org.neo4j.server.db.tuning.properties=/Users/ian/Desktop/project-repo/constituencies.graphdb/neo4j.properties
2016-03-09 19:46:41.740+0000 INFO  [o.n.k.i.DiagnosticsManager] org.neo4j.server.database.location=/Users/ian/Desktop/project-repo/constituencies.graphdb
2016-03-09 19:46:41.740+0000 INFO  [o.n.k.i.DiagnosticsManager] org.neo4j.server.webserver.port=7474
2016-03-09 19:46:41.740+0000 INFO  [o.n.k.i.DiagnosticsManager] dbms.querylog.filename=data/log/queries.log
2016-03-09 19:46:41.741+0000 INFO  [o.n.k.i.DiagnosticsManager] dbms.security.auth_store.location=/Users/ian/Desktop/project-repo/constituencies.graphdb/./dbms/auth
2016-03-09 19:46:41.741+0000 INFO  [o.n.k.i.DiagnosticsManager] org.neo4j.server.http.log.enabled=false
2016-03-09 19:46:41.741+0000 INFO  [o.n.k.i.DiagnosticsManager] dbms.security.tls_certificate_file=/Users/ian/Desktop/project-repo/constituencies.graphdb/./dbms/ssl/snakeoil.cert
2016-03-09 19:46:41.741+0000 INFO  [o.n.k.i.DiagnosticsManager] org.neo4j.server.webserver.https.port=7473
2016-03-09 19:46:41.741+0000 INFO  [o.n.k.i.DiagnosticsManager] remote_shell_enabled=true
2016-03-09 19:46:41.741+0000 INFO  [o.n.k.i.DiagnosticsManager] edition=Community
2016-03-09 19:46:41.741+0000 INFO  [o.n.k.i.DiagnosticsManager] dbms.security.tls_key_file=/Users/ian/Desktop/project-repo/constituencies.graphdb/./dbms/ssl/snakeoil.key
2016-03-09 19:46:41.741+0000 INFO  [o.n.k.i.DiagnosticsManager] dbms.security.auth_enabled=true
2016-03-09 19:46:41.741+0000 INFO  [o.n.k.i.DiagnosticsManager] Diagnostics providers:
2016-03-09 19:46:41.741+0000 INFO  [o.n.k.i.DiagnosticsManager] org.neo4j.kernel.configuration.Config
2016-03-09 19:46:41.741+0000 INFO  [o.n.k.i.DiagnosticsManager] org.neo4j.kernel.info.DiagnosticsManager
2016-03-09 19:46:41.741+0000 INFO  [o.n.k.i.DiagnosticsManager] SYSTEM_MEMORY
2016-03-09 19:46:41.741+0000 INFO  [o.n.k.i.DiagnosticsManager] JAVA_MEMORY
2016-03-09 19:46:41.741+0000 INFO  [o.n.k.i.DiagnosticsManager] OPERATING_SYSTEM
2016-03-09 19:46:41.742+0000 INFO  [o.n.k.i.DiagnosticsManager] JAVA_VIRTUAL_MACHINE
2016-03-09 19:46:41.742+0000 INFO  [o.n.k.i.DiagnosticsManager] CLASSPATH
2016-03-09 19:46:41.742+0000 INFO  [o.n.k.i.DiagnosticsManager] LIBRARY_PATH
2016-03-09 19:46:41.742+0000 INFO  [o.n.k.i.DiagnosticsManager] SYSTEM_PROPERTIES
2016-03-09 19:46:41.742+0000 INFO  [o.n.k.i.DiagnosticsManager] NETWORK
2016-03-09 19:46:41.742+0000 INFO  [o.n.k.i.DiagnosticsManager] System memory information:
2016-03-09 19:46:41.744+0000 INFO  [o.n.k.i.DiagnosticsManager] Total Physical memory: 16.00 GB
2016-03-09 19:46:41.745+0000 INFO  [o.n.k.i.DiagnosticsManager] Free Physical memory: 10.44 GB
2016-03-09 19:46:41.747+0000 INFO  [o.n.k.i.DiagnosticsManager] Committed virtual memory: 6.97 GB
2016-03-09 19:46:41.748+0000 INFO  [o.n.k.i.DiagnosticsManager] Total swap space: 0.00 B
2016-03-09 19:46:41.749+0000 INFO  [o.n.k.i.DiagnosticsManager] Free swap space: 0.00 B
2016-03-09 19:46:41.749+0000 INFO  [o.n.k.i.DiagnosticsManager] JVM memory information:
2016-03-09 19:46:41.749+0000 INFO  [o.n.k.i.DiagnosticsManager] Free  memory: 172.75 MB
2016-03-09 19:46:41.750+0000 INFO  [o.n.k.i.DiagnosticsManager] Total memory: 245.50 MB
2016-03-09 19:46:41.750+0000 INFO  [o.n.k.i.DiagnosticsManager] Max   memory: 3.56 GB
2016-03-09 19:46:41.756+0000 INFO  [o.n.k.i.DiagnosticsManager] Garbage Collector: PS Scavenge: [PS Eden Space, PS Survivor Space]
2016-03-09 19:46:41.756+0000 INFO  [o.n.k.i.DiagnosticsManager] Garbage Collector: PS MarkSweep: [PS Eden Space, PS Survivor Space, PS Old Gen, PS Perm Gen]
2016-03-09 19:46:41.759+0000 INFO  [o.n.k.i.DiagnosticsManager] Memory Pool: Code Cache (Non-heap memory): committed=2.44 MB, used=970.38 kB, max=48.00 MB, threshold=0.00 B
2016-03-09 19:46:41.759+0000 INFO  [o.n.k.i.DiagnosticsManager] Memory Pool: PS Eden Space (Heap memory): committed=64.50 MB, used=43.40 MB, max=1.31 GB, threshold=?
2016-03-09 19:46:41.760+0000 INFO  [o.n.k.i.DiagnosticsManager] Memory Pool: PS Survivor Space (Heap memory): committed=10.50 MB, used=10.48 MB, max=10.50 MB, threshold=?
2016-03-09 19:46:41.760+0000 INFO  [o.n.k.i.DiagnosticsManager] Memory Pool: PS Old Gen (Heap memory): committed=170.50 MB, used=18.87 MB, max=2.67 GB, threshold=0.00 B
2016-03-09 19:46:41.761+0000 INFO  [o.n.k.i.DiagnosticsManager] Memory Pool: PS Perm Gen (Non-heap memory): committed=21.00 MB, used=20.14 MB, max=82.00 MB, threshold=0.00 B
2016-03-09 19:46:41.761+0000 INFO  [o.n.k.i.DiagnosticsManager] Operating system information:
2016-03-09 19:46:41.763+0000 INFO  [o.n.k.i.DiagnosticsManager] Operating System: Mac OS X; version: 10.11.4; arch: x86_64; cpus: 4
2016-03-09 19:46:41.765+0000 INFO  [o.n.k.i.DiagnosticsManager] Max number of file descriptors: 10240
2016-03-09 19:46:41.766+0000 INFO  [o.n.k.i.DiagnosticsManager] Number of open file descriptors: 42
2016-03-09 19:46:41.778+0000 INFO  [o.n.k.i.DiagnosticsManager] Process id: 749@ianmbp.local
2016-03-09 19:46:41.778+0000 INFO  [o.n.k.i.DiagnosticsManager] Byte order: LITTLE_ENDIAN
2016-03-09 19:46:41.779+0000 INFO  [o.n.k.i.DiagnosticsManager] Local timezone: Europe/Dublin
2016-03-09 19:46:41.779+0000 INFO  [o.n.k.i.DiagnosticsManager] JVM information:
2016-03-09 19:46:41.779+0000 INFO  [o.n.k.i.DiagnosticsManager] VM Name: Java HotSpot(TM) 64-Bit Server VM
2016-03-09 19:46:41.779+0000 INFO  [o.n.k.i.DiagnosticsManager] VM Vendor: Oracle Corporation
2016-03-09 19:46:41.779+0000 INFO  [o.n.k.i.DiagnosticsManager] VM Version: 24.80-b11
2016-03-09 19:46:41.779+0000 INFO  [o.n.k.i.DiagnosticsManager] JIT compiler: HotSpot 64-Bit Tiered Compilers
2016-03-09 19:46:41.781+0000 INFO  [o.n.k.i.DiagnosticsManager] VM Arguments: [-Dfile.encoding=UTF-8, -Dinstall4j.launcherId=24, -Dinstall4j.swt=false, -Dexe4j.moduleName=/Applications/Neo4j Community Edition.app, -Di4j.ownBundlePath=/Applications/Neo4j Community Edition.app, -Di4j.jreBundle=/Applications/Neo4j Community Edition.app/Contents/Resources/jre.bundle]
2016-03-09 19:46:41.781+0000 INFO  [o.n.k.i.DiagnosticsManager] Java classpath:
2016-03-09 19:46:41.782+0000 INFO  [o.n.k.i.DiagnosticsManager]  [loader.1] file:/Applications/Neo4j%20Community%20Edition.app/Contents/Resources/jre.bundle/Contents/Home/jre/lib/ext/localedata.jar
2016-03-09 19:46:41.782+0000 INFO  [o.n.k.i.DiagnosticsManager]  [bootstrap] /Applications/Neo4j Community Edition.app/Contents/Resources/jre.bundle/Contents/Home/jre/lib/sunrsasign.jar
2016-03-09 19:46:41.782+0000 INFO  [o.n.k.i.DiagnosticsManager]  [bootstrap] /Applications/Neo4j Community Edition.app/Contents/Resources/jre.bundle/Contents/Home/jre/lib/jce.jar
2016-03-09 19:46:41.782+0000 INFO  [o.n.k.i.DiagnosticsManager]  [loader.0] file:/Applications/Neo4j%20Community%20Edition.app/Contents/Resources/app/.install4j/i4jruntime.jar
2016-03-09 19:46:41.782+0000 INFO  [o.n.k.i.DiagnosticsManager]  [bootstrap] /Applications/Neo4j Community Edition.app/Contents/Resources/jre.bundle/Contents/Home/jre/lib/rt.jar
2016-03-09 19:46:41.782+0000 INFO  [o.n.k.i.DiagnosticsManager]  [loader.0] file:/Applications/Neo4j%20Community%20Edition.app/Contents/Resources/app/bin/neo4j-desktop-2.3.0.jar
2016-03-09 19:46:41.782+0000 INFO  [o.n.k.i.DiagnosticsManager]  [loader.1] file:/System/Library/Java/Extensions/MRJToolkit.jar
2016-03-09 19:46:41.782+0000 INFO  [o.n.k.i.DiagnosticsManager]  [loader.1] file:/Applications/Neo4j%20Community%20Edition.app/Contents/Resources/jre.bundle/Contents/Home/jre/lib/ext/sunjce_provider.jar
2016-03-09 19:46:41.782+0000 INFO  [o.n.k.i.DiagnosticsManager]  [loader.1] file:/Applications/Neo4j%20Community%20Edition.app/Contents/Resources/jre.bundle/Contents/Home/jre/lib/ext/dnsns.jar
2016-03-09 19:46:41.782+0000 INFO  [o.n.k.i.DiagnosticsManager]  [loader.1] file:/Applications/Neo4j%20Community%20Edition.app/Contents/Resources/jre.bundle/Contents/Home/jre/lib/ext/sunec.jar
2016-03-09 19:46:41.782+0000 INFO  [o.n.k.i.DiagnosticsManager]  [loader.1] file:/Applications/Neo4j%20Community%20Edition.app/Contents/Resources/jre.bundle/Contents/Home/jre/lib/ext/zipfs.jar
2016-03-09 19:46:41.782+0000 INFO  [o.n.k.i.DiagnosticsManager]  [loader.1] file:/Applications/Neo4j%20Community%20Edition.app/Contents/Resources/jre.bundle/Contents/Home/jre/lib/ext/sunpkcs11.jar
2016-03-09 19:46:41.782+0000 INFO  [o.n.k.i.DiagnosticsManager]  [classpath] /Applications/Neo4j Community Edition.app/Contents/Resources/app/.install4j/i4jruntime.jar
2016-03-09 19:46:41.782+0000 INFO  [o.n.k.i.DiagnosticsManager]  [bootstrap] /Applications/Neo4j Community Edition.app/Contents/Resources/jre.bundle/Contents/Home/jre/classes
2016-03-09 19:46:41.782+0000 INFO  [o.n.k.i.DiagnosticsManager]  [bootstrap] /Applications/Neo4j Community Edition.app/Contents/Resources/jre.bundle/Contents/Home/jre/lib/jsse.jar
2016-03-09 19:46:41.782+0000 INFO  [o.n.k.i.DiagnosticsManager]  [bootstrap] /Applications/Neo4j Community Edition.app/Contents/Resources/jre.bundle/Contents/Home/jre/lib/charsets.jar
2016-03-09 19:46:41.783+0000 INFO  [o.n.k.i.DiagnosticsManager]  [classpath] /Applications/Neo4j Community Edition.app/Contents/Resources/app/bin/neo4j-desktop-2.3.0.jar
2016-03-09 19:46:41.783+0000 INFO  [o.n.k.i.DiagnosticsManager]  [bootstrap] /Applications/Neo4j Community Edition.app/Contents/Resources/jre.bundle/Contents/Home/jre/lib/resources.jar
2016-03-09 19:46:41.783+0000 INFO  [o.n.k.i.DiagnosticsManager]  [bootstrap] /Applications/Neo4j Community Edition.app/Contents/Resources/jre.bundle/Contents/Home/jre/lib/jfr.jar
2016-03-09 19:46:41.783+0000 INFO  [o.n.k.i.DiagnosticsManager] Library path:
2016-03-09 19:46:41.783+0000 INFO  [o.n.k.i.DiagnosticsManager] /Users/ian/Library/Java/Extensions
2016-03-09 19:46:41.783+0000 INFO  [o.n.k.i.DiagnosticsManager] /Library/Java/Extensions
2016-03-09 19:46:41.783+0000 INFO  [o.n.k.i.DiagnosticsManager] /Network/Library/Java/Extensions
2016-03-09 19:46:41.783+0000 INFO  [o.n.k.i.DiagnosticsManager] /System/Library/Java/Extensions
2016-03-09 19:46:41.783+0000 INFO  [o.n.k.i.DiagnosticsManager] /usr/lib/java
2016-03-09 19:46:41.783+0000 INFO  [o.n.k.i.DiagnosticsManager] /Applications/Neo4j Community Edition.app/Contents/Resources/app/bin
2016-03-09 19:46:41.783+0000 INFO  [o.n.k.i.DiagnosticsManager] System.properties:
2016-03-09 19:46:41.783+0000 INFO  [o.n.k.i.DiagnosticsManager] exe4j.moduleName = /Applications/Neo4j Community Edition.app
2016-03-09 19:46:41.783+0000 INFO  [o.n.k.i.DiagnosticsManager] sun.boot.library.path = /Applications/Neo4j Community Edition.app/Contents/Resources/jre.bundle/Contents/Home/jre/lib
2016-03-09 19:46:41.783+0000 INFO  [o.n.k.i.DiagnosticsManager] user.country.format = IE
2016-03-09 19:46:41.783+0000 INFO  [o.n.k.i.DiagnosticsManager] i4j.jreBundle = /Applications/Neo4j Community Edition.app/Contents/Resources/jre.bundle
2016-03-09 19:46:41.784+0000 INFO  [o.n.k.i.DiagnosticsManager] gopherProxySet = false
2016-03-09 19:46:41.784+0000 INFO  [o.n.k.i.DiagnosticsManager] path.separator = :
2016-03-09 19:46:41.784+0000 INFO  [o.n.k.i.DiagnosticsManager] file.encoding.pkg = sun.io
2016-03-09 19:46:41.784+0000 INFO  [o.n.k.i.DiagnosticsManager] user.country = US
2016-03-09 19:46:41.784+0000 INFO  [o.n.k.i.DiagnosticsManager] sun.java.launcher = SUN_STANDARD
2016-03-09 19:46:41.784+0000 INFO  [o.n.k.i.DiagnosticsManager] sun.os.patch.level = unknown
2016-03-09 19:46:41.784+0000 INFO  [o.n.k.i.DiagnosticsManager] install4j.exeDir = /Applications/
2016-03-09 19:46:41.784+0000 INFO  [o.n.k.i.DiagnosticsManager] user.dir = /Applications/Neo4j Community Edition.app/Contents/Resources/app/bin
2016-03-09 19:46:41.784+0000 INFO  [o.n.k.i.DiagnosticsManager] neo4j.ext.udc.source = desktop
2016-03-09 19:46:41.784+0000 INFO  [o.n.k.i.DiagnosticsManager] i4j.ownBundlePath = /Applications/Neo4j Community Edition.app
2016-03-09 19:46:41.784+0000 INFO  [o.n.k.i.DiagnosticsManager] sun.jnu.encoding = UTF-8
2016-03-09 19:46:41.784+0000 INFO  [o.n.k.i.DiagnosticsManager] sun.awt.enableExtraMouseButtons = true
2016-03-09 19:46:41.784+0000 INFO  [o.n.k.i.DiagnosticsManager] install4j.launcherId = 24
2016-03-09 19:46:41.784+0000 INFO  [o.n.k.i.DiagnosticsManager] sun.management.compiler = HotSpot 64-Bit Tiered Compilers
2016-03-09 19:46:41.784+0000 INFO  [o.n.k.i.DiagnosticsManager] install4j.swt = false
2016-03-09 19:46:41.784+0000 INFO  [o.n.k.i.DiagnosticsManager] apple.awt.fileDialogForDirectories = false
2016-03-09 19:46:41.784+0000 INFO  [o.n.k.i.DiagnosticsManager] http.nonProxyHosts = local|*.local|169.254/16|*.169.254/16
2016-03-09 19:46:41.784+0000 INFO  [o.n.k.i.DiagnosticsManager] user.home = /Users/ian
2016-03-09 19:46:41.784+0000 INFO  [o.n.k.i.DiagnosticsManager] user.timezone = Europe/Dublin
2016-03-09 19:46:41.784+0000 INFO  [o.n.k.i.DiagnosticsManager] file.encoding = UTF-8
2016-03-09 19:46:41.785+0000 INFO  [o.n.k.i.DiagnosticsManager] user.name = ian
2016-03-09 19:46:41.785+0000 INFO  [o.n.k.i.DiagnosticsManager] sun.java.command = com.install4j.runtime.launcher.MacLauncher
2016-03-09 19:46:41.785+0000 INFO  [o.n.k.i.DiagnosticsManager] sun.arch.data.model = 64
2016-03-09 19:46:41.785+0000 INFO  [o.n.k.i.DiagnosticsManager] user.language = en
2016-03-09 19:46:41.785+0000 INFO  [o.n.k.i.DiagnosticsManager] awt.toolkit = sun.lwawt.macosx.LWCToolkit
2016-03-09 19:46:41.785+0000 INFO  [o.n.k.i.DiagnosticsManager] install4j.appDir = /Applications/Neo4j Community Edition.app/Contents/Resources/app/
2016-03-09 19:46:41.785+0000 INFO  [o.n.k.i.DiagnosticsManager] file.separator = /
2016-03-09 19:46:41.785+0000 INFO  [o.n.k.i.DiagnosticsManager] sun.font.fontmanager = sun.font.CFontManager
2016-03-09 19:46:41.785+0000 INFO  [o.n.k.i.DiagnosticsManager] sun.io.unicode.encoding = UnicodeBig
2016-03-09 19:46:41.785+0000 INFO  [o.n.k.i.DiagnosticsManager] sun.cpu.endian = little
2016-03-09 19:46:41.785+0000 INFO  [o.n.k.i.DiagnosticsManager] socksNonProxyHosts = local|*.local|169.254/16|*.169.254/16
2016-03-09 19:46:41.785+0000 INFO  [o.n.k.i.DiagnosticsManager] ftp.nonProxyHosts = local|*.local|169.254/16|*.169.254/16
2016-03-09 19:46:41.785+0000 INFO  [o.n.k.i.DiagnosticsManager] sun.cpu.isalist = 
2016-03-09 19:46:41.785+0000 INFO  [o.n.k.i.DiagnosticsManager] Network information:
2016-03-09 19:46:41.793+0000 INFO  [o.n.k.i.DiagnosticsManager] Interface awdl0:
2016-03-09 19:46:41.794+0000 INFO  [o.n.k.i.DiagnosticsManager]     address: fe80:0:0:0:c8b1:edff:fe66:2000%8
2016-03-09 19:46:41.794+0000 INFO  [o.n.k.i.DiagnosticsManager] Interface en0:
2016-03-09 19:46:41.794+0000 INFO  [o.n.k.i.DiagnosticsManager]     address: fe80:0:0:0:a299:9bff:fe0b:5d15%4
2016-03-09 19:46:41.795+0000 INFO  [o.n.k.i.DiagnosticsManager]     address: 192.168.1.56
2016-03-09 19:46:41.795+0000 INFO  [o.n.k.i.DiagnosticsManager] Interface lo0:
2016-03-09 19:46:41.795+0000 INFO  [o.n.k.i.DiagnosticsManager]     address: fe80:0:0:0:0:0:0:1%1
2016-03-09 19:46:41.795+0000 INFO  [o.n.k.i.DiagnosticsManager]     address: 0:0:0:0:0:0:0:1
2016-03-09 19:46:41.795+0000 INFO  [o.n.k.i.DiagnosticsManager]     address: 127.0.0.1
2016-03-09 19:46:41.795+0000 INFO  [o.n.k.i.DiagnosticsManager] --- INITIALIZED diagnostics END ---
2016-03-09 19:46:42.245+0000 INFO  [o.n.k.a.i.i.LuceneLabelScanStore] No lucene scan store index found, this might just be first use. Preparing to rebuild.
2016-03-09 19:46:42.326+0000 INFO  [o.n.k.NeoStoreDataSource] Opened logical log [/Users/ian/Desktop/project-repo/constituencies.graphdb/neostore.transaction.db.0] version=0, lastTxId=1 (clean)
2016-03-09 19:46:42.332+0000 WARN  [o.n.k.i.s.MetaDataStore] Missing counts store, rebuilding it.
2016-03-09 19:46:42.432+0000 INFO  [o.n.k.a.i.i.LuceneLabelScanStore] Rebuilding lucene scan store, this may take a while
2016-03-09 19:46:42.499+0000 INFO  [o.n.k.a.i.i.LuceneLabelScanStore] Lucene scan store rebuilt (roughly -1 nodes)
2016-03-09 19:46:42.505+0000 INFO  [o.n.k.KernelHealth] Kernel health set to OK
2016-03-09 19:46:43.412+0000 INFO  [o.n.k.i.f.CommunityFacadeFactory] Database is now ready
2016-03-09 19:46:43.414+0000 INFO  [o.n.k.i.DiagnosticsManager] --- STARTED diagnostics for KernelDiagnostics:Versions START ---
2016-03-09 19:46:43.414+0000 INFO  [o.n.k.i.DiagnosticsManager] Graph Database: Community StoreId{creationTime=1457552802092, randomId=1977946274690558294, storeVersion=15250506225055238, upgradeTime=1457552802092, upgradeId=1}
2016-03-09 19:46:43.414+0000 INFO  [o.n.k.i.DiagnosticsManager] Kernel version: 2.3.0
2016-03-09 19:46:43.414+0000 INFO  [o.n.k.i.DiagnosticsManager] --- STARTED diagnostics for KernelDiagnostics:Versions END ---
2016-03-09 19:46:43.417+0000 INFO  [o.n.k.i.DiagnosticsManager] --- STARTED diagnostics for NEO_STORE_VERSIONS START ---
2016-03-09 19:46:43.417+0000 INFO  [o.n.k.i.DiagnosticsManager] Store versions:
2016-03-09 19:46:43.417+0000 INFO  [o.n.k.i.DiagnosticsManager] Store versions:
2016-03-09 19:46:43.417+0000 INFO  [o.n.k.i.DiagnosticsManager] ArrayPropertyStore v0.A.6
2016-03-09 19:46:43.418+0000 INFO  [o.n.k.i.DiagnosticsManager] NodeStore v0.A.6
2016-03-09 19:46:43.418+0000 INFO  [o.n.k.i.DiagnosticsManager] StringPropertyStore v0.A.6
2016-03-09 19:46:43.418+0000 INFO  [o.n.k.i.DiagnosticsManager] PropertyIndexStore v0.A.6
2016-03-09 19:46:43.418+0000 INFO  [o.n.k.i.DiagnosticsManager] StringPropertyStore v0.A.6
2016-03-09 19:46:43.418+0000 INFO  [o.n.k.i.DiagnosticsManager] ArrayPropertyStore v0.A.6
2016-03-09 19:46:43.418+0000 INFO  [o.n.k.i.DiagnosticsManager] PropertyStore v0.A.6
2016-03-09 19:46:43.418+0000 INFO  [o.n.k.i.DiagnosticsManager] RelationshipStore v0.A.6
2016-03-09 19:46:43.418+0000 INFO  [o.n.k.i.DiagnosticsManager] StringPropertyStore v0.A.6
2016-03-09 19:46:43.418+0000 INFO  [o.n.k.i.DiagnosticsManager] RelationshipTypeStore v0.A.6
2016-03-09 19:46:43.418+0000 INFO  [o.n.k.i.DiagnosticsManager] StringPropertyStore v0.A.6
2016-03-09 19:46:43.418+0000 INFO  [o.n.k.i.DiagnosticsManager] LabelTokenStore v0.A.6
2016-03-09 19:46:43.419+0000 INFO  [o.n.k.i.DiagnosticsManager] SchemaStore v0.A.6
2016-03-09 19:46:43.419+0000 INFO  [o.n.k.i.DiagnosticsManager] RelationshipGroupStore v0.A.6
2016-03-09 19:46:43.419+0000 INFO  [o.n.k.i.DiagnosticsManager] NeoStore v0.A.6
2016-03-09 19:46:43.419+0000 INFO  [o.n.k.i.DiagnosticsManager] --- STARTED diagnostics for NEO_STORE_VERSIONS END ---
2016-03-09 19:46:43.419+0000 INFO  [o.n.k.i.DiagnosticsManager] --- STARTED diagnostics for NEO_STORE_ID_USAGE START ---
2016-03-09 19:46:43.419+0000 INFO  [o.n.k.i.DiagnosticsManager] Id usage:
2016-03-09 19:46:43.419+0000 INFO  [o.n.k.i.DiagnosticsManager] Id usage:
2016-03-09 19:46:43.419+0000 INFO  [o.n.k.i.DiagnosticsManager]   ArrayPropertyStore v0.A.6: used=1 high=0
2016-03-09 19:46:43.420+0000 INFO  [o.n.k.i.DiagnosticsManager]   NodeStore v0.A.6: used=0 high=-1
2016-03-09 19:46:43.420+0000 INFO  [o.n.k.i.DiagnosticsManager]   StringPropertyStore v0.A.6: used=1 high=0
2016-03-09 19:46:43.420+0000 INFO  [o.n.k.i.DiagnosticsManager]   PropertyIndexStore v0.A.6: used=0 high=-1
2016-03-09 19:46:43.420+0000 INFO  [o.n.k.i.DiagnosticsManager]   StringPropertyStore v0.A.6: used=1 high=0
2016-03-09 19:46:43.420+0000 INFO  [o.n.k.i.DiagnosticsManager]   ArrayPropertyStore v0.A.6: used=1 high=0
2016-03-09 19:46:43.421+0000 INFO  [o.n.k.i.DiagnosticsManager]   PropertyStore v0.A.6: used=0 high=-1
2016-03-09 19:46:43.421+0000 INFO  [o.n.k.i.DiagnosticsManager]   RelationshipStore v0.A.6: used=0 high=-1
2016-03-09 19:46:43.421+0000 INFO  [o.n.k.i.DiagnosticsManager]   StringPropertyStore v0.A.6: used=1 high=0
2016-03-09 19:46:43.421+0000 INFO  [o.n.k.i.DiagnosticsManager]   RelationshipTypeStore v0.A.6: used=0 high=-1
2016-03-09 19:46:43.421+0000 INFO  [o.n.k.i.DiagnosticsManager]   StringPropertyStore v0.A.6: used=1 high=0
2016-03-09 19:46:43.422+0000 INFO  [o.n.k.i.DiagnosticsManager]   LabelTokenStore v0.A.6: used=0 high=-1
2016-03-09 19:46:43.422+0000 INFO  [o.n.k.i.DiagnosticsManager]   SchemaStore v0.A.6: used=1 high=0
2016-03-09 19:46:43.422+0000 INFO  [o.n.k.i.DiagnosticsManager]   RelationshipGroupStore v0.A.6: used=1 high=0
2016-03-09 19:46:43.422+0000 INFO  [o.n.k.i.DiagnosticsManager]   NeoStore v0.A.6: used=13 high=12
2016-03-09 19:46:43.422+0000 INFO  [o.n.k.i.DiagnosticsManager] --- STARTED diagnostics for NEO_STORE_ID_USAGE END ---
2016-03-09 19:46:43.422+0000 INFO  [o.n.k.i.DiagnosticsManager] --- STARTED diagnostics for NEO_STORE_RECORDS START ---
2016-03-09 19:46:43.423+0000 INFO  [o.n.k.i.DiagnosticsManager] Neostore records:
2016-03-09 19:46:43.423+0000 INFO  [o.n.k.i.DiagnosticsManager] TIME (Creation time): 1457552802092
2016-03-09 19:46:43.423+0000 INFO  [o.n.k.i.DiagnosticsManager] RANDOM_NUMBER (Random number for store id): 1977946274690558294
2016-03-09 19:46:43.423+0000 INFO  [o.n.k.i.DiagnosticsManager] LOG_VERSION (Current log version): 0
2016-03-09 19:46:43.423+0000 INFO  [o.n.k.i.DiagnosticsManager] LAST_TRANSACTION_ID (Last committed transaction): 1
2016-03-09 19:46:43.423+0000 INFO  [o.n.k.i.DiagnosticsManager] STORE_VERSION (Store format version): 15250506225055238
2016-03-09 19:46:43.423+0000 INFO  [o.n.k.i.DiagnosticsManager] FIRST_GRAPH_PROPERTY (First property record containing graph properties): -1
2016-03-09 19:46:43.423+0000 INFO  [o.n.k.i.DiagnosticsManager] LAST_CONSTRAINT_TRANSACTION (Last committed transaction containing constraint changes): 0
2016-03-09 19:46:43.424+0000 INFO  [o.n.k.i.DiagnosticsManager] UPGRADE_TRANSACTION_ID (Transaction id most recent upgrade was performed at): 1
2016-03-09 19:46:43.424+0000 INFO  [o.n.k.i.DiagnosticsManager] UPGRADE_TIME (Time of last upgrade): 1457552802092
2016-03-09 19:46:43.424+0000 INFO  [o.n.k.i.DiagnosticsManager] LAST_TRANSACTION_CHECKSUM (Checksum of last committed transaction): 0
2016-03-09 19:46:43.424+0000 INFO  [o.n.k.i.DiagnosticsManager] UPGRADE_TRANSACTION_CHECKSUM (Checksum of transaction id the most recent upgrade was performed at): 0
2016-03-09 19:46:43.424+0000 INFO  [o.n.k.i.DiagnosticsManager] LAST_CLOSED_TRANSACTION_LOG_VERSION (Log version where the last transaction commit entry has been written into): 0
2016-03-09 19:46:43.424+0000 INFO  [o.n.k.i.DiagnosticsManager] LAST_CLOSED_TRANSACTION_LOG_BYTE_OFFSET (Byte offset in the log file where the last transaction commit entry has been written into): 16
2016-03-09 19:46:43.424+0000 INFO  [o.n.k.i.DiagnosticsManager] --- STARTED diagnostics for NEO_STORE_RECORDS END ---
2016-03-09 19:46:43.424+0000 INFO  [o.n.k.i.DiagnosticsManager] --- STARTED diagnostics for TRANSACTION_RANGE START ---
2016-03-09 19:46:43.424+0000 INFO  [o.n.k.i.DiagnosticsManager] Transaction log:
2016-03-09 19:46:43.425+0000 INFO  [o.n.k.i.DiagnosticsManager] No transactions found in any log
2016-03-09 19:46:43.425+0000 INFO  [o.n.k.i.DiagnosticsManager] --- STARTED diagnostics for TRANSACTION_RANGE END ---
2016-03-09 19:46:43.425+0000 INFO  [o.n.k.i.DiagnosticsManager] --- STARTED diagnostics for KernelDiagnostics:StoreFiles START ---
2016-03-09 19:46:43.425+0000 INFO  [o.n.k.i.DiagnosticsManager] Disk space on partition (Total / Free / Free %): 120108089344 / 10411618304 / 8
Storage files: (filename : modification date - size)
2016-03-09 19:46:43.426+0000 INFO  [o.n.k.i.DiagnosticsManager]   dbms:
2016-03-09 19:46:43.426+0000 INFO  [o.n.k.i.DiagnosticsManager]     ssl:
2016-03-09 19:46:43.427+0000 INFO  [o.n.k.i.DiagnosticsManager]       snakeoil.cert: 2016-03-09T19:46:41+0000 - 630.00 B
2016-03-09 19:46:43.427+0000 INFO  [o.n.k.i.DiagnosticsManager]       snakeoil.key: 2016-03-09T19:46:41+0000 - 914.00 B
2016-03-09 19:46:43.427+0000 INFO  [o.n.k.i.DiagnosticsManager]     - Total: 2016-03-09T19:46:41+0000 - 1.51 kB
2016-03-09 19:46:43.428+0000 INFO  [o.n.k.i.DiagnosticsManager]   - Total: 2016-03-09T19:46:41+0000 - 1.51 kB
2016-03-09 19:46:43.428+0000 INFO  [o.n.k.i.DiagnosticsManager]   index:
2016-03-09 19:46:43.428+0000 INFO  [o.n.k.i.DiagnosticsManager]   - Total: 2016-03-09T19:46:42+0000 - 0.00 B
2016-03-09 19:46:43.428+0000 INFO  [o.n.k.i.DiagnosticsManager]   messages.log: 2016-03-09T19:46:43+0000 - 23.74 kB
2016-03-09 19:46:43.429+0000 INFO  [o.n.k.i.DiagnosticsManager]   neo4j.properties: 2016-03-09T19:46:40+0000 - 1.27 kB
2016-03-09 19:46:43.429+0000 INFO  [o.n.k.i.DiagnosticsManager]   neostore: 2016-03-09T19:46:42+0000 - 8.00 kB
2016-03-09 19:46:43.429+0000 INFO  [o.n.k.i.DiagnosticsManager]   neostore.counts.db.a: 2016-03-09T19:46:42+0000 - 96.00 B
2016-03-09 19:46:43.430+0000 INFO  [o.n.k.i.DiagnosticsManager]   neostore.id: 2016-03-09T19:46:42+0000 - 9.00 B
2016-03-09 19:46:43.430+0000 INFO  [o.n.k.i.DiagnosticsManager]   neostore.labeltokenstore.db: 2016-03-09T19:46:42+0000 - 0.00 B
2016-03-09 19:46:43.430+0000 INFO  [o.n.k.i.DiagnosticsManager]   neostore.labeltokenstore.db.id: 2016-03-09T19:46:42+0000 - 9.00 B
2016-03-09 19:46:43.431+0000 INFO  [o.n.k.i.DiagnosticsManager]   neostore.labeltokenstore.db.names: 2016-03-09T19:46:42+0000 - 8.00 kB
2016-03-09 19:46:43.431+0000 INFO  [o.n.k.i.DiagnosticsManager]   neostore.labeltokenstore.db.names.id: 2016-03-09T19:46:42+0000 - 9.00 B
2016-03-09 19:46:43.431+0000 INFO  [o.n.k.i.DiagnosticsManager]   neostore.nodestore.db: 2016-03-09T19:46:41+0000 - 0.00 B
2016-03-09 19:46:43.432+0000 INFO  [o.n.k.i.DiagnosticsManager]   neostore.nodestore.db.id: 2016-03-09T19:46:41+0000 - 9.00 B
2016-03-09 19:46:43.432+0000 INFO  [o.n.k.i.DiagnosticsManager]   neostore.nodestore.db.labels: 2016-03-09T19:46:41+0000 - 8.00 kB
2016-03-09 19:46:43.432+0000 INFO  [o.n.k.i.DiagnosticsManager]   neostore.nodestore.db.labels.id: 2016-03-09T19:46:41+0000 - 9.00 B
2016-03-09 19:46:43.432+0000 INFO  [o.n.k.i.DiagnosticsManager]   neostore.propertystore.db: 2016-03-09T19:46:42+0000 - 0.00 B
2016-03-09 19:46:43.433+0000 INFO  [o.n.k.i.DiagnosticsManager]   neostore.propertystore.db.arrays: 2016-03-09T19:46:42+0000 - 8.00 kB
2016-03-09 19:46:43.433+0000 INFO  [o.n.k.i.DiagnosticsManager]   neostore.propertystore.db.arrays.id: 2016-03-09T19:46:42+0000 - 9.00 B
2016-03-09 19:46:43.433+0000 INFO  [o.n.k.i.DiagnosticsManager]   neostore.propertystore.db.id: 2016-03-09T19:46:42+0000 - 9.00 B
2016-03-09 19:46:43.433+0000 INFO  [o.n.k.i.DiagnosticsManager]   neostore.propertystore.db.index: 2016-03-09T19:46:42+0000 - 0.00 B
2016-03-09 19:46:43.433+0000 INFO  [o.n.k.i.DiagnosticsManager]   neostore.propertystore.db.index.id: 2016-03-09T19:46:42+0000 - 9.00 B
2016-03-09 19:46:43.434+0000 INFO  [o.n.k.i.DiagnosticsManager]   neostore.propertystore.db.index.keys: 2016-03-09T19:46:42+0000 - 8.00 kB
2016-03-09 19:46:43.434+0000 INFO  [o.n.k.i.DiagnosticsManager]   neostore.propertystore.db.index.keys.id: 2016-03-09T19:46:42+0000 - 9.00 B
2016-03-09 19:46:43.434+0000 INFO  [o.n.k.i.DiagnosticsManager]   neostore.propertystore.db.strings: 2016-03-09T19:46:42+0000 - 8.00 kB
2016-03-09 19:46:43.434+0000 INFO  [o.n.k.i.DiagnosticsManager]   neostore.propertystore.db.strings.id: 2016-03-09T19:46:42+0000 - 9.00 B
2016-03-09 19:46:43.435+0000 INFO  [o.n.k.i.DiagnosticsManager]   neostore.relationshipgroupstore.db: 2016-03-09T19:46:42+0000 - 8.00 kB
2016-03-09 19:46:43.435+0000 INFO  [o.n.k.i.DiagnosticsManager]   neostore.relationshipgroupstore.db.id: 2016-03-09T19:46:42+0000 - 9.00 B
2016-03-09 19:46:43.435+0000 INFO  [o.n.k.i.DiagnosticsManager]   neostore.relationshipstore.db: 2016-03-09T19:46:42+0000 - 0.00 B
2016-03-09 19:46:43.436+0000 INFO  [o.n.k.i.DiagnosticsManager]   neostore.relationshipstore.db.id: 2016-03-09T19:46:42+0000 - 9.00 B
2016-03-09 19:46:43.436+0000 INFO  [o.n.k.i.DiagnosticsManager]   neostore.relationshiptypestore.db: 2016-03-09T19:46:42+0000 - 0.00 B
2016-03-09 19:46:43.436+0000 INFO  [o.n.k.i.DiagnosticsManager]   neostore.relationshiptypestore.db.id: 2016-03-09T19:46:42+0000 - 9.00 B
2016-03-09 19:46:43.437+0000 INFO  [o.n.k.i.DiagnosticsManager]   neostore.relationshiptypestore.db.names: 2016-03-09T19:46:42+0000 - 8.00 kB
2016-03-09 19:46:43.437+0000 INFO  [o.n.k.i.DiagnosticsManager]   neostore.relationshiptypestore.db.names.id: 2016-03-09T19:46:42+0000 - 9.00 B
2016-03-09 19:46:43.437+0000 INFO  [o.n.k.i.DiagnosticsManager]   neostore.schemastore.db: 2016-03-09T19:46:42+0000 - 8.00 kB
2016-03-09 19:46:43.437+0000 INFO  [o.n.k.i.DiagnosticsManager]   neostore.schemastore.db.id: 2016-03-09T19:46:42+0000 - 9.00 B
2016-03-09 19:46:43.438+0000 INFO  [o.n.k.i.DiagnosticsManager]   neostore.transaction.db.0: 2016-03-09T19:46:42+0000 - 16.00 B
2016-03-09 19:46:43.438+0000 INFO  [o.n.k.i.DiagnosticsManager]   schema:
2016-03-09 19:46:43.438+0000 INFO  [o.n.k.i.DiagnosticsManager]     label:
2016-03-09 19:46:43.438+0000 INFO  [o.n.k.i.DiagnosticsManager]       lucene:
2016-03-09 19:46:43.438+0000 INFO  [o.n.k.i.DiagnosticsManager]         write.lock: 2016-03-09T19:46:42+0000 - 0.00 B
2016-03-09 19:46:43.438+0000 INFO  [o.n.k.i.DiagnosticsManager]       - Total: 2016-03-09T19:46:42+0000 - 0.00 B
2016-03-09 19:46:43.439+0000 INFO  [o.n.k.i.DiagnosticsManager]     - Total: 2016-03-09T19:46:42+0000 - 0.00 B
2016-03-09 19:46:43.439+0000 INFO  [o.n.k.i.DiagnosticsManager]   - Total: 2016-03-09T19:46:42+0000 - 0.00 B
2016-03-09 19:46:43.439+0000 INFO  [o.n.k.i.DiagnosticsManager]   store_lock: 2016-03-09T19:46:41+0000 - 0.00 B
2016-03-09 19:46:43.439+0000 INFO  [o.n.k.i.DiagnosticsManager] --- STARTED diagnostics for KernelDiagnostics:StoreFiles END ---
2016-03-09 19:46:45.028+0000 INFO  [o.n.k.i.DiagnosticsManager] --- SERVER STARTED START ---
2016-03-09 19:46:46.561+0000 INFO  [o.n.k.i.DiagnosticsManager] --- SERVER STARTED END ---
2016-03-09 19:46:54.861+0000 INFO  [o.n.k.i.f.GraphDatabaseFacade] Shutdown started
2016-03-09 19:46:54.861+0000 INFO  [o.n.k.i.f.CommunityFacadeFactory] Database is now unavailable
2016-03-09 19:46:54.867+0000 INFO  [o.n.k.i.t.l.c.CheckPointerImpl] Check Pointing triggered by database shutdown [1]:  Starting check pointing...
2016-03-09 19:46:54.867+0000 INFO  [o.n.k.i.t.l.c.CheckPointerImpl] Check Pointing triggered by database shutdown [1]:  Starting store flush...
2016-03-09 19:46:54.867+0000 INFO  [o.n.k.i.t.l.c.CheckPointerImpl] Check Pointing triggered by database shutdown [1]:  Store flush completed
2016-03-09 19:46:54.867+0000 INFO  [o.n.k.i.t.l.c.CheckPointerImpl] Check Pointing triggered by database shutdown [1]:  Starting appending check point entry into the tx log...
2016-03-09 19:46:54.886+0000 INFO  [o.n.k.i.t.l.c.CheckPointerImpl] Check Pointing triggered by database shutdown [1]:  Appending check point entry into the tx log completed
2016-03-09 19:46:54.886+0000 INFO  [o.n.k.i.t.l.c.CheckPointerImpl] Check Pointing triggered by database shutdown [1]:  Check pointing completed
2016-03-09 19:46:54.887+0000 INFO  [o.n.k.i.t.l.p.LogPruningImpl] Log Rotation [0]:  Starting log pruning.
2016-03-09 19:46:54.887+0000 INFO  [o.n.k.i.t.l.p.LogPruningImpl] Log Rotation [0]:  Log pruning complete.
2016-03-09 19:46:54.896+0000 INFO  [o.n.k.NeoStoreDataSource] NeoStores closed
2016-03-09 19:46:54.896+0000 INFO  [o.n.k.i.DiagnosticsManager] --- STOPPING diagnostics START ---
2016-03-09 19:46:54.896+0000 INFO  [o.n.k.i.DiagnosticsManager] --- STOPPING diagnostics END ---
2016-03-28 21:37:26.630+0000 INFO  [o.n.k.i.f.CommunityFacadeFactory] No locking implementation specified, defaulting to 'community'
2016-03-28 21:37:26.829+0000 INFO  [o.n.k.AvailabilityGuard] Requirement makes database unavailable: Database available
2016-03-28 21:37:26.861+0000 INFO  [o.n.k.i.DiagnosticsManager] --- INITIALIZED diagnostics START ---
2016-03-28 21:37:26.872+0000 INFO  [o.n.k.i.DiagnosticsManager] Neo4j Kernel properties:
2016-03-28 21:37:26.872+0000 INFO  [o.n.k.i.DiagnosticsManager] org.neo4j.server.db.tuning.properties=C:\Users\Jason\Desktop\GraphTheoryProject\constituencies.graphdb\neo4j.properties
2016-03-28 21:37:26.872+0000 INFO  [o.n.k.i.DiagnosticsManager] org.neo4j.server.database.location=C:\Users\Jason\Desktop\GraphTheoryProject\constituencies.graphdb
2016-03-28 21:37:26.872+0000 INFO  [o.n.k.i.DiagnosticsManager] dbms.querylog.filename=data/log/queries.log
2016-03-28 21:37:26.872+0000 INFO  [o.n.k.i.DiagnosticsManager] dbms.security.auth_store.location=C:\Users\Jason\Desktop\GraphTheoryProject\constituencies.graphdb\.\dbms\auth
2016-03-28 21:37:26.873+0000 INFO  [o.n.k.i.DiagnosticsManager] dbms.security.tls_certificate_file=C:\Users\Jason\Desktop\GraphTheoryProject\constituencies.graphdb\.\dbms\ssl\snakeoil.cert
2016-03-28 21:37:26.873+0000 INFO  [o.n.k.i.DiagnosticsManager] remote_shell_enabled=true
2016-03-28 21:37:26.873+0000 INFO  [o.n.k.i.DiagnosticsManager] edition=Community
2016-03-28 21:37:26.873+0000 INFO  [o.n.k.i.DiagnosticsManager] dbms.security.tls_key_file=C:\Users\Jason\Desktop\GraphTheoryProject\constituencies.graphdb\.\dbms\ssl\snakeoil.key
2016-03-28 21:37:26.873+0000 INFO  [o.n.k.i.DiagnosticsManager] Diagnostics providers:
2016-03-28 21:37:26.874+0000 INFO  [o.n.k.i.DiagnosticsManager] org.neo4j.kernel.configuration.Config
2016-03-28 21:37:26.874+0000 INFO  [o.n.k.i.DiagnosticsManager] org.neo4j.kernel.info.DiagnosticsManager
2016-03-28 21:37:26.874+0000 INFO  [o.n.k.i.DiagnosticsManager] SYSTEM_MEMORY
2016-03-28 21:37:26.874+0000 INFO  [o.n.k.i.DiagnosticsManager] JAVA_MEMORY
2016-03-28 21:37:26.874+0000 INFO  [o.n.k.i.DiagnosticsManager] OPERATING_SYSTEM
2016-03-28 21:37:26.874+0000 INFO  [o.n.k.i.DiagnosticsManager] JAVA_VIRTUAL_MACHINE
2016-03-28 21:37:26.874+0000 INFO  [o.n.k.i.DiagnosticsManager] CLASSPATH
2016-03-28 21:37:26.874+0000 INFO  [o.n.k.i.DiagnosticsManager] LIBRARY_PATH
2016-03-28 21:37:26.874+0000 INFO  [o.n.k.i.DiagnosticsManager] SYSTEM_PROPERTIES
2016-03-28 21:37:26.875+0000 INFO  [o.n.k.i.DiagnosticsManager] NETWORK
2016-03-28 21:37:26.875+0000 INFO  [o.n.k.i.DiagnosticsManager] System memory information:
2016-03-28 21:37:26.889+0000 INFO  [o.n.k.i.DiagnosticsManager] Total Physical memory: 7.42 GB
2016-03-28 21:37:26.889+0000 INFO  [o.n.k.i.DiagnosticsManager] Free Physical memory: 3.85 GB
2016-03-28 21:37:26.890+0000 INFO  [o.n.k.i.DiagnosticsManager] Committed virtual memory: 283.11 MB
2016-03-28 21:37:26.890+0000 INFO  [o.n.k.i.DiagnosticsManager] Total swap space: 9.24 GB
2016-03-28 21:37:26.890+0000 INFO  [o.n.k.i.DiagnosticsManager] Free swap space: 4.74 GB
2016-03-28 21:37:26.890+0000 INFO  [o.n.k.i.DiagnosticsManager] JVM memory information:
2016-03-28 21:37:26.891+0000 INFO  [o.n.k.i.DiagnosticsManager] Free  memory: 73.53 MB
2016-03-28 21:37:26.891+0000 INFO  [o.n.k.i.DiagnosticsManager] Total memory: 114.00 MB
2016-03-28 21:37:26.891+0000 INFO  [o.n.k.i.DiagnosticsManager] Max   memory: 1.65 GB
2016-03-28 21:37:26.924+0000 INFO  [o.n.k.i.DiagnosticsManager] Garbage Collector: PS Scavenge: [PS Eden Space, PS Survivor Space]
2016-03-28 21:37:26.924+0000 INFO  [o.n.k.i.DiagnosticsManager] Garbage Collector: PS MarkSweep: [PS Eden Space, PS Survivor Space, PS Old Gen, PS Perm Gen]
2016-03-28 21:37:26.926+0000 INFO  [o.n.k.i.DiagnosticsManager] Memory Pool: Code Cache (Non-heap memory): committed=2.44 MB, used=1.09 MB, max=48.00 MB, threshold=0.00 B
2016-03-28 21:37:26.926+0000 INFO  [o.n.k.i.DiagnosticsManager] Memory Pool: PS Eden Space (Heap memory): committed=30.00 MB, used=15.99 MB, max=624.00 MB, threshold=?
2016-03-28 21:37:26.927+0000 INFO  [o.n.k.i.DiagnosticsManager] Memory Pool: PS Survivor Space (Heap memory): committed=5.00 MB, used=4.97 MB, max=5.00 MB, threshold=?
2016-03-28 21:37:26.928+0000 INFO  [o.n.k.i.DiagnosticsManager] Memory Pool: PS Old Gen (Heap memory): committed=79.00 MB, used=19.52 MB, max=1.24 GB, threshold=0.00 B
2016-03-28 21:37:26.929+0000 INFO  [o.n.k.i.DiagnosticsManager] Memory Pool: PS Perm Gen (Non-heap memory): committed=21.00 MB, used=20.66 MB, max=82.00 MB, threshold=0.00 B
2016-03-28 21:37:26.929+0000 INFO  [o.n.k.i.DiagnosticsManager] Operating system information:
2016-03-28 21:37:26.929+0000 INFO  [o.n.k.i.DiagnosticsManager] Operating System: Windows 8.1; version: 6.3; arch: amd64; cpus: 4
2016-03-28 21:37:26.950+0000 INFO  [o.n.k.i.DiagnosticsManager] Process id: 5624@JAY-PC
2016-03-28 21:37:26.950+0000 INFO  [o.n.k.i.DiagnosticsManager] Byte order: LITTLE_ENDIAN
2016-03-28 21:37:26.950+0000 INFO  [o.n.k.i.DiagnosticsManager] Local timezone: Europe/London
2016-03-28 21:37:26.951+0000 INFO  [o.n.k.i.DiagnosticsManager] JVM information:
2016-03-28 21:37:26.951+0000 INFO  [o.n.k.i.DiagnosticsManager] VM Name: Java HotSpot(TM) 64-Bit Server VM
2016-03-28 21:37:26.951+0000 INFO  [o.n.k.i.DiagnosticsManager] VM Vendor: Oracle Corporation
2016-03-28 21:37:26.951+0000 INFO  [o.n.k.i.DiagnosticsManager] VM Version: 24.80-b11
2016-03-28 21:37:26.952+0000 INFO  [o.n.k.i.DiagnosticsManager] JIT compiler: HotSpot 64-Bit Tiered Compilers
2016-03-28 21:37:26.952+0000 INFO  [o.n.k.i.DiagnosticsManager] VM Arguments: [-Dexe4j.semaphoreName=Local\c:_program_files_neo4j_ce_2.3.2_bin_neo4j-ce.exe, -Dexe4j.isInstall4j=true, -Dexe4j.moduleName=C:\Program Files\Neo4j CE 2.3.2\bin\neo4j-ce.exe, -Dexe4j.tempDir=, -Dexe4j.unextractedPosition=0, -Djava.library.path=C:\ProgramData\Oracle\Java\javapath;C:\Program Files\Broadcom\Broadcom 802.11 Network Adapter\Driver;C:\Program Files (x86)\AMD APP\bin\x86_64;C:\Program Files (x86)\AMD APP\bin\x86;C:\WINDOWS\system32;C:\WINDOWS;C:\WINDOWS\System32\Wbem;C:\WINDOWS\System32\WindowsPowerShell\v1.0\;C:\Program Files (x86)\ATI Technologies\ATI.ACE\Core-Static;C:\Program Files\Lenovo\Bluetooth Software\;C:\Program Files\Lenovo\Bluetooth Software\syswow64;c:\Program Files (x86)\Microsoft SQL Server\100\Tools\Binn\;c:\Program Files\Microsoft SQL Server\100\Tools\Binn\;c:\Program Files\Microsoft SQL Server\100\DTS\Binn\;C:\WINDOWS\system32\config\systemprofile\.dnx\bin;C:\Program Files\Microsoft DNX\Dnvm\;C:\Program Files (x86)\Windows Kits\10\Windows Performance Toolkit\;C:\Program Files (x86)\Skype\Phone\;C:\Program Files\nodejs\;C:\Program Files (x86)\Brackets\command;C:\Users\Jason\AppData\Roaming\npm;c:\program files\neo4j ce 2.3.2\jre\bin, -Dexe4j.consoleCodepage=cp0, -Dinstall4j.launcherId=24, -Dinstall4j.swt=false]
2016-03-28 21:37:26.952+0000 INFO  [o.n.k.i.DiagnosticsManager] Java classpath:
2016-03-28 21:37:26.958+0000 INFO  [o.n.k.i.DiagnosticsManager]  [loader.1] file:/C:/Program%20Files/Neo4j%20CE%202.3.2/jre/lib/ext/access-bridge-64.jar
2016-03-28 21:37:26.958+0000 INFO  [o.n.k.i.DiagnosticsManager]  [loader.1] file:/C:/Program%20Files/Neo4j%20CE%202.3.2/jre/lib/ext/dns_sd.jar
2016-03-28 21:37:26.958+0000 INFO  [o.n.k.i.DiagnosticsManager]  [bootstrap] C:\Program Files\Neo4j CE 2.3.2\jre\lib\charsets.jar
2016-03-28 21:37:26.958+0000 INFO  [o.n.k.i.DiagnosticsManager]  [loader.1] file:/C:/Program%20Files/Neo4j%20CE%202.3.2/jre/lib/ext/jaccess.jar
2016-03-28 21:37:26.958+0000 INFO  [o.n.k.i.DiagnosticsManager]  [loader.1] file:/C:/Program%20Files/Neo4j%20CE%202.3.2/jre/lib/ext/sunmscapi.jar
2016-03-28 21:37:26.958+0000 INFO  [o.n.k.i.DiagnosticsManager]  [classpath] C:\Program Files\Neo4j CE 2.3.2\.install4j\i4jruntime.jar
2016-03-28 21:37:26.958+0000 INFO  [o.n.k.i.DiagnosticsManager]  [loader.1] file:/C:/Program%20Files/Neo4j%20CE%202.3.2/jre/lib/ext/sunjce_provider.jar
2016-03-28 21:37:26.959+0000 INFO  [o.n.k.i.DiagnosticsManager]  [bootstrap] C:\Program Files\Neo4j CE 2.3.2\jre\lib\resources.jar
2016-03-28 21:37:26.959+0000 INFO  [o.n.k.i.DiagnosticsManager]  [classpath] C:\Program Files\Neo4j CE 2.3.2\bin\neo4j-desktop-2.3.2.jar
2016-03-28 21:37:26.959+0000 INFO  [o.n.k.i.DiagnosticsManager]  [loader.0] file:/C:/Program%20Files/Neo4j%20CE%202.3.2/bin/
2016-03-28 21:37:26.959+0000 INFO  [o.n.k.i.DiagnosticsManager]  [bootstrap] C:\Program Files\Neo4j CE 2.3.2\jre\lib\jsse.jar
2016-03-28 21:37:26.959+0000 INFO  [o.n.k.i.DiagnosticsManager]  [bootstrap] C:\Program Files\Neo4j CE 2.3.2\jre\lib\rt.jar
2016-03-28 21:37:26.959+0000 INFO  [o.n.k.i.DiagnosticsManager]  [bootstrap] C:\Program Files\Neo4j CE 2.3.2\jre\lib\jce.jar
2016-03-28 21:37:26.959+0000 INFO  [o.n.k.i.DiagnosticsManager]  [loader.0] file:/C:/Program%20Files/Neo4j%20CE%202.3.2/bin/neo4j-desktop-2.3.2.jar
2016-03-28 21:37:26.959+0000 INFO  [o.n.k.i.DiagnosticsManager]  [loader.1] file:/C:/Program%20Files/Neo4j%20CE%202.3.2/jre/lib/ext/localedata.jar
2016-03-28 21:37:26.960+0000 INFO  [o.n.k.i.DiagnosticsManager]  [loader.0] file:/C:/Program%20Files/Neo4j%20CE%202.3.2/.install4j/i4jruntime.jar
2016-03-28 21:37:26.960+0000 INFO  [o.n.k.i.DiagnosticsManager]  [loader.1] file:/C:/Program%20Files/Neo4j%20CE%202.3.2/jre/lib/ext/zipfs.jar
2016-03-28 21:37:26.960+0000 INFO  [o.n.k.i.DiagnosticsManager]  [loader.1] file:/C:/Program%20Files/Neo4j%20CE%202.3.2/jre/lib/ext/sunec.jar
2016-03-28 21:37:26.960+0000 INFO  [o.n.k.i.DiagnosticsManager]  [bootstrap] C:\Program Files\Neo4j CE 2.3.2\jre\lib\jfr.jar
2016-03-28 21:37:26.960+0000 INFO  [o.n.k.i.DiagnosticsManager]  [loader.1] file:/C:/Program%20Files/Neo4j%20CE%202.3.2/jre/lib/ext/dnsns.jar
2016-03-28 21:37:26.960+0000 INFO  [o.n.k.i.DiagnosticsManager]  [bootstrap] C:\Program Files\Neo4j CE 2.3.2\jre\classes
2016-03-28 21:37:26.960+0000 INFO  [o.n.k.i.DiagnosticsManager]  [bootstrap] C:\Program Files\Neo4j CE 2.3.2\jre\lib\sunrsasign.jar
2016-03-28 21:37:26.960+0000 INFO  [o.n.k.i.DiagnosticsManager] Library path:
2016-03-28 21:37:26.961+0000 INFO  [o.n.k.i.DiagnosticsManager] C:\ProgramData\Oracle\Java\javapath
2016-03-28 21:37:26.962+0000 INFO  [o.n.k.i.DiagnosticsManager] C:\Program Files\Broadcom\Broadcom 802.11 Network Adapter\Driver
2016-03-28 21:37:26.962+0000 INFO  [o.n.k.i.DiagnosticsManager] C:\Program Files (x86)\AMD APP\bin\x86_64
2016-03-28 21:37:26.962+0000 INFO  [o.n.k.i.DiagnosticsManager] C:\Program Files (x86)\AMD APP\bin\x86
2016-03-28 21:37:26.963+0000 INFO  [o.n.k.i.DiagnosticsManager] C:\Windows\System32
2016-03-28 21:37:26.963+0000 INFO  [o.n.k.i.DiagnosticsManager] C:\Windows
2016-03-28 21:37:26.963+0000 INFO  [o.n.k.i.DiagnosticsManager] C:\Windows\System32\wbem
2016-03-28 21:37:26.964+0000 INFO  [o.n.k.i.DiagnosticsManager] C:\Windows\System32\WindowsPowerShell\v1.0
2016-03-28 21:37:26.964+0000 INFO  [o.n.k.i.DiagnosticsManager] C:\Program Files (x86)\ATI Technologies\ATI.ACE\Core-Static
2016-03-28 21:37:26.965+0000 INFO  [o.n.k.i.DiagnosticsManager] C:\Program Files\Lenovo\Bluetooth Software
2016-03-28 21:37:26.965+0000 INFO  [o.n.k.i.DiagnosticsManager] C:\Program Files\Lenovo\Bluetooth Software\syswow64
2016-03-28 21:37:26.966+0000 INFO  [o.n.k.i.DiagnosticsManager] C:\Program Files (x86)\Microsoft SQL Server\100\Tools\Binn
2016-03-28 21:37:26.967+0000 INFO  [o.n.k.i.DiagnosticsManager] C:\Program Files\Microsoft SQL Server\100\Tools\Binn
2016-03-28 21:37:26.967+0000 INFO  [o.n.k.i.DiagnosticsManager] C:\Program Files\Microsoft SQL Server\100\DTS\Binn
2016-03-28 21:37:26.968+0000 INFO  [o.n.k.i.DiagnosticsManager] C:\Windows\System32\config\systemprofile\.dnx\bin
2016-03-28 21:37:26.968+0000 INFO  [o.n.k.i.DiagnosticsManager] C:\Program Files\Microsoft DNX\Dnvm
2016-03-28 21:37:26.969+0000 INFO  [o.n.k.i.DiagnosticsManager] C:\Program Files (x86)\Windows Kits\10\Windows Performance Toolkit
2016-03-28 21:37:26.969+0000 INFO  [o.n.k.i.DiagnosticsManager] C:\Program Files (x86)\Skype\Phone
2016-03-28 21:37:26.969+0000 INFO  [o.n.k.i.DiagnosticsManager] C:\Program Files\nodejs
2016-03-28 21:37:26.970+0000 INFO  [o.n.k.i.DiagnosticsManager] C:\Program Files (x86)\Brackets\command
2016-03-28 21:37:26.970+0000 INFO  [o.n.k.i.DiagnosticsManager] C:\Users\Jason\AppData\Roaming\npm
2016-03-28 21:37:26.971+0000 INFO  [o.n.k.i.DiagnosticsManager] C:\Program Files\Neo4j CE 2.3.2\jre\bin
2016-03-28 21:37:26.971+0000 INFO  [o.n.k.i.DiagnosticsManager] System.properties:
2016-03-28 21:37:26.971+0000 INFO  [o.n.k.i.DiagnosticsManager] exe4j.moduleName = C:\Program Files\Neo4j CE 2.3.2\bin\neo4j-ce.exe
2016-03-28 21:37:26.971+0000 INFO  [o.n.k.i.DiagnosticsManager] exe4j.semaphoreName = Local\c:_program_files_neo4j_ce_2.3.2_bin_neo4j-ce.exe
2016-03-28 21:37:26.971+0000 INFO  [o.n.k.i.DiagnosticsManager] sun.boot.library.path = c:\program files\neo4j ce 2.3.2\jre\bin
2016-03-28 21:37:26.971+0000 INFO  [o.n.k.i.DiagnosticsManager] exe4j.consoleCodepage = cp0
2016-03-28 21:37:26.972+0000 INFO  [o.n.k.i.DiagnosticsManager] path.separator = ;
2016-03-28 21:37:26.972+0000 INFO  [o.n.k.i.DiagnosticsManager] file.encoding.pkg = sun.io
2016-03-28 21:37:26.972+0000 INFO  [o.n.k.i.DiagnosticsManager] user.country = US
2016-03-28 21:37:26.972+0000 INFO  [o.n.k.i.DiagnosticsManager] user.script = 
2016-03-28 21:37:26.972+0000 INFO  [o.n.k.i.DiagnosticsManager] sun.os.patch.level = 
2016-03-28 21:37:26.972+0000 INFO  [o.n.k.i.DiagnosticsManager] install4j.exeDir = C:\Program Files\Neo4j CE 2.3.2\bin\
2016-03-28 21:37:26.972+0000 INFO  [o.n.k.i.DiagnosticsManager] user.dir = C:\Program Files\Neo4j CE 2.3.2\bin
2016-03-28 21:37:26.973+0000 INFO  [o.n.k.i.DiagnosticsManager] neo4j.ext.udc.source = desktop
2016-03-28 21:37:26.973+0000 INFO  [o.n.k.i.DiagnosticsManager] user.variant = 
2016-03-28 21:37:26.973+0000 INFO  [o.n.k.i.DiagnosticsManager] exe4j.tempDir = 
2016-03-28 21:37:26.973+0000 INFO  [o.n.k.i.DiagnosticsManager] sun.jnu.encoding = Cp1252
2016-03-28 21:37:26.973+0000 INFO  [o.n.k.i.DiagnosticsManager] sun.awt.enableExtraMouseButtons = true
2016-03-28 21:37:26.973+0000 INFO  [o.n.k.i.DiagnosticsManager] install4j.launcherId = 24
2016-03-28 21:37:26.973+0000 INFO  [o.n.k.i.DiagnosticsManager] sun.management.compiler = HotSpot 64-Bit Tiered Compilers
2016-03-28 21:37:26.974+0000 INFO  [o.n.k.i.DiagnosticsManager] exe4j.isInstall4j = true
2016-03-28 21:37:26.974+0000 INFO  [o.n.k.i.DiagnosticsManager] install4j.swt = false
2016-03-28 21:37:26.974+0000 INFO  [o.n.k.i.DiagnosticsManager] user.home = C:\Users\Jason
2016-03-28 21:37:26.974+0000 INFO  [o.n.k.i.DiagnosticsManager] user.timezone = Europe/London
2016-03-28 21:37:26.974+0000 INFO  [o.n.k.i.DiagnosticsManager] file.encoding = Cp1252
2016-03-28 21:37:26.974+0000 INFO  [o.n.k.i.DiagnosticsManager] user.name = Jason
2016-03-28 21:37:26.974+0000 INFO  [o.n.k.i.DiagnosticsManager] sun.java.command = C:\Program Files\Neo4j CE 2.3.2\bin\neo4j-ce.exe
2016-03-28 21:37:26.975+0000 INFO  [o.n.k.i.DiagnosticsManager] sun.arch.data.model = 64
2016-03-28 21:37:26.975+0000 INFO  [o.n.k.i.DiagnosticsManager] exe4j.launchName = C:\Program Files\Neo4j CE 2.3.2\bin\neo4j-ce.exe
2016-03-28 21:37:26.975+0000 INFO  [o.n.k.i.DiagnosticsManager] user.language = en
2016-03-28 21:37:26.975+0000 INFO  [o.n.k.i.DiagnosticsManager] awt.toolkit = sun.awt.windows.WToolkit
2016-03-28 21:37:26.975+0000 INFO  [o.n.k.i.DiagnosticsManager] exe4j.unextractedPosition = 0
2016-03-28 21:37:26.975+0000 INFO  [o.n.k.i.DiagnosticsManager] install4j.appDir = C:\Program Files\Neo4j CE 2.3.2\
2016-03-28 21:37:26.976+0000 INFO  [o.n.k.i.DiagnosticsManager] file.separator = \
2016-03-28 21:37:26.976+0000 INFO  [o.n.k.i.DiagnosticsManager] sun.io.unicode.encoding = UnicodeLittle
2016-03-28 21:37:26.976+0000 INFO  [o.n.k.i.DiagnosticsManager] sun.cpu.endian = little
2016-03-28 21:37:26.976+0000 INFO  [o.n.k.i.DiagnosticsManager] sun.desktop = windows
2016-03-28 21:37:26.976+0000 INFO  [o.n.k.i.DiagnosticsManager] sun.cpu.isalist = amd64
2016-03-28 21:37:26.976+0000 INFO  [o.n.k.i.DiagnosticsManager] Network information:
2016-03-28 21:37:27.048+0000 INFO  [o.n.k.i.DiagnosticsManager] Interface Software Loopback Interface 1:
2016-03-28 21:37:27.049+0000 INFO  [o.n.k.i.DiagnosticsManager]     address: 127.0.0.1
2016-03-28 21:37:27.049+0000 INFO  [o.n.k.i.DiagnosticsManager]     address: 0:0:0:0:0:0:0:1
2016-03-28 21:37:27.049+0000 INFO  [o.n.k.i.DiagnosticsManager] Interface Microsoft Wi-Fi Direct Virtual Adapter #2:
2016-03-28 21:37:27.049+0000 INFO  [o.n.k.i.DiagnosticsManager] Interface Broadcom 802.11n Network Adapter:
2016-03-28 21:37:27.049+0000 INFO  [o.n.k.i.DiagnosticsManager]     address: 192.168.1.100
2016-03-28 21:37:27.050+0000 INFO  [o.n.k.i.DiagnosticsManager]     address: fe80:0:0:0:dca7:f8e6:8901:49f1%3
2016-03-28 21:37:27.050+0000 INFO  [o.n.k.i.DiagnosticsManager] Interface VMware Virtual Ethernet Adapter for VMnet1:
2016-03-28 21:37:27.050+0000 INFO  [o.n.k.i.DiagnosticsManager]     address: 192.168.58.1
2016-03-28 21:37:27.050+0000 INFO  [o.n.k.i.DiagnosticsManager]     address: fe80:0:0:0:19f8:961e:5895:3f94%4
2016-03-28 21:37:27.050+0000 INFO  [o.n.k.i.DiagnosticsManager] Interface Microsoft Kernel Debug Network Adapter:
2016-03-28 21:37:27.050+0000 INFO  [o.n.k.i.DiagnosticsManager] Interface Microsoft Wi-Fi Direct Virtual Adapter:
2016-03-28 21:37:27.051+0000 INFO  [o.n.k.i.DiagnosticsManager]     address: fe80:0:0:0:6438:96b7:658:6346%6
2016-03-28 21:37:27.051+0000 INFO  [o.n.k.i.DiagnosticsManager] Interface VMware Virtual Ethernet Adapter for VMnet8:
2016-03-28 21:37:27.051+0000 INFO  [o.n.k.i.DiagnosticsManager]     address: 192.168.213.1
2016-03-28 21:37:27.051+0000 INFO  [o.n.k.i.DiagnosticsManager]     address: fe80:0:0:0:6893:e782:93f9:80fb%7
2016-03-28 21:37:27.051+0000 INFO  [o.n.k.i.DiagnosticsManager] Interface Realtek PCIe FE Family Controller:
2016-03-28 21:37:27.051+0000 INFO  [o.n.k.i.DiagnosticsManager]     address: fe80:0:0:0:3889:87f6:86a3:7511%8
2016-03-28 21:37:27.051+0000 INFO  [o.n.k.i.DiagnosticsManager] Interface Realtek PCIe FE Family Controller-WFP Native MAC Layer LightWeight Filter-0000:
2016-03-28 21:37:27.052+0000 INFO  [o.n.k.i.DiagnosticsManager] Interface Realtek PCIe FE Family Controller-QoS Packet Scheduler-0000:
2016-03-28 21:37:27.052+0000 INFO  [o.n.k.i.DiagnosticsManager] Interface Realtek PCIe FE Family Controller-WFP 802.3 MAC Layer LightWeight Filter-0000:
2016-03-28 21:37:27.052+0000 INFO  [o.n.k.i.DiagnosticsManager] Interface Broadcom 802.11n Network Adapter-WFP Native MAC Layer LightWeight Filter-0000:
2016-03-28 21:37:27.052+0000 INFO  [o.n.k.i.DiagnosticsManager] Interface Broadcom 802.11n Network Adapter-Virtual WiFi Filter Driver-0000:
2016-03-28 21:37:27.052+0000 INFO  [o.n.k.i.DiagnosticsManager] Interface Broadcom 802.11n Network Adapter-Native WiFi Filter Driver-0000:
2016-03-28 21:37:27.052+0000 INFO  [o.n.k.i.DiagnosticsManager] Interface Broadcom 802.11n Network Adapter-QoS Packet Scheduler-0000:
2016-03-28 21:37:27.052+0000 INFO  [o.n.k.i.DiagnosticsManager] Interface Broadcom 802.11n Network Adapter-WFP 802.3 MAC Layer LightWeight Filter-0000:
2016-03-28 21:37:27.053+0000 INFO  [o.n.k.i.DiagnosticsManager] Interface Microsoft Wi-Fi Direct Virtual Adapter-WFP Native MAC Layer LightWeight Filter-0000:
2016-03-28 21:37:27.053+0000 INFO  [o.n.k.i.DiagnosticsManager] Interface Microsoft Wi-Fi Direct Virtual Adapter-Native WiFi Filter Driver-0000:
2016-03-28 21:37:27.053+0000 INFO  [o.n.k.i.DiagnosticsManager] Interface Microsoft Wi-Fi Direct Virtual Adapter-QoS Packet Scheduler-0000:
2016-03-28 21:37:27.054+0000 INFO  [o.n.k.i.DiagnosticsManager] Interface Microsoft Wi-Fi Direct Virtual Adapter-WFP 802.3 MAC Layer LightWeight Filter-0000:
2016-03-28 21:37:27.054+0000 INFO  [o.n.k.i.DiagnosticsManager] Interface Microsoft ISATAP Adapter:
2016-03-28 21:37:27.054+0000 INFO  [o.n.k.i.DiagnosticsManager] Interface Microsoft ISATAP Adapter #2:
2016-03-28 21:37:27.054+0000 INFO  [o.n.k.i.DiagnosticsManager]     address: fe80:0:0:0:0:5efe:c0a8:d501%22
2016-03-28 21:37:27.054+0000 INFO  [o.n.k.i.DiagnosticsManager] Interface Microsoft ISATAP Adapter #3:
2016-03-28 21:37:27.054+0000 INFO  [o.n.k.i.DiagnosticsManager]     address: fe80:0:0:0:0:5efe:c0a8:164%23
2016-03-28 21:37:27.055+0000 INFO  [o.n.k.i.DiagnosticsManager] Interface Teredo Tunneling Pseudo-Interface:
2016-03-28 21:37:27.055+0000 INFO  [o.n.k.i.DiagnosticsManager]     address: 2001:0:9d38:6abd:3c30:beed:e037:73e9
2016-03-28 21:37:27.055+0000 INFO  [o.n.k.i.DiagnosticsManager]     address: fe80:0:0:0:3c30:beed:e037:73e9%24
2016-03-28 21:37:27.055+0000 INFO  [o.n.k.i.DiagnosticsManager] Interface Microsoft ISATAP Adapter #4:
2016-03-28 21:37:27.055+0000 INFO  [o.n.k.i.DiagnosticsManager]     address: fe80:0:0:0:0:5efe:c0a8:3a01%25
2016-03-28 21:37:27.055+0000 INFO  [o.n.k.i.DiagnosticsManager] Interface Bluetooth Device (Personal Area Network):
2016-03-28 21:37:27.055+0000 INFO  [o.n.k.i.DiagnosticsManager] --- INITIALIZED diagnostics END ---
2016-03-28 21:37:29.502+0000 INFO  [o.n.k.KernelHealth] Kernel health set to OK
2016-03-28 21:37:32.134+0000 INFO  [o.n.k.AvailabilityGuard] Fulfilling of requirement makes database available: Database available
2016-03-28 21:37:32.141+0000 INFO  [o.n.k.i.f.CommunityFacadeFactory] Database is now ready
2016-03-28 21:37:32.149+0000 INFO  [o.n.k.i.DiagnosticsManager] --- STARTED diagnostics for KernelDiagnostics:Versions START ---
2016-03-28 21:37:32.155+0000 INFO  [o.n.k.i.DiagnosticsManager] Graph Database: Community StoreId{creationTime=1457552802092, randomId=1977946274690558294, storeVersion=15250506225055238, upgradeTime=1457552802092, upgradeId=1}
2016-03-28 21:37:32.160+0000 INFO  [o.n.k.i.DiagnosticsManager] Kernel version: 2.3.2
2016-03-28 21:37:32.166+0000 INFO  [o.n.k.i.DiagnosticsManager] --- STARTED diagnostics for KernelDiagnostics:Versions END ---
2016-03-28 21:37:32.174+0000 INFO  [o.n.k.i.DiagnosticsManager] --- STARTED diagnostics for NEO_STORE_VERSIONS START ---
2016-03-28 21:37:32.179+0000 INFO  [o.n.k.i.DiagnosticsManager] Store versions:
2016-03-28 21:37:32.184+0000 INFO  [o.n.k.i.DiagnosticsManager] Store versions:
2016-03-28 21:37:32.189+0000 INFO  [o.n.k.i.DiagnosticsManager] ArrayPropertyStore v0.A.6
2016-03-28 21:37:32.196+0000 INFO  [o.n.k.i.DiagnosticsManager] NodeStore v0.A.6
2016-03-28 21:37:32.202+0000 INFO  [o.n.k.i.DiagnosticsManager] StringPropertyStore v0.A.6
2016-03-28 21:37:32.207+0000 INFO  [o.n.k.i.DiagnosticsManager] PropertyIndexStore v0.A.6
2016-03-28 21:37:32.213+0000 INFO  [o.n.k.i.DiagnosticsManager] StringPropertyStore v0.A.6
2016-03-28 21:37:32.218+0000 INFO  [o.n.k.i.DiagnosticsManager] ArrayPropertyStore v0.A.6
2016-03-28 21:37:32.223+0000 INFO  [o.n.k.i.DiagnosticsManager] PropertyStore v0.A.6
2016-03-28 21:37:32.228+0000 INFO  [o.n.k.i.DiagnosticsManager] RelationshipStore v0.A.6
2016-03-28 21:37:32.233+0000 INFO  [o.n.k.i.DiagnosticsManager] StringPropertyStore v0.A.6
2016-03-28 21:37:32.238+0000 INFO  [o.n.k.i.DiagnosticsManager] RelationshipTypeStore v0.A.6
2016-03-28 21:37:32.243+0000 INFO  [o.n.k.i.DiagnosticsManager] StringPropertyStore v0.A.6
2016-03-28 21:37:32.249+0000 INFO  [o.n.k.i.DiagnosticsManager] LabelTokenStore v0.A.6
2016-03-28 21:37:32.254+0000 INFO  [o.n.k.i.DiagnosticsManager] SchemaStore v0.A.6
2016-03-28 21:37:32.260+0000 INFO  [o.n.k.i.DiagnosticsManager] RelationshipGroupStore v0.A.6
2016-03-28 21:37:32.265+0000 INFO  [o.n.k.i.DiagnosticsManager] NeoStore v0.A.6
2016-03-28 21:37:32.270+0000 INFO  [o.n.k.i.DiagnosticsManager] --- STARTED diagnostics for NEO_STORE_VERSIONS END ---
2016-03-28 21:37:32.275+0000 INFO  [o.n.k.i.DiagnosticsManager] --- STARTED diagnostics for NEO_STORE_ID_USAGE START ---
2016-03-28 21:37:32.280+0000 INFO  [o.n.k.i.DiagnosticsManager] Id usage:
2016-03-28 21:37:32.286+0000 INFO  [o.n.k.i.DiagnosticsManager] Id usage:
2016-03-28 21:37:32.292+0000 INFO  [o.n.k.i.DiagnosticsManager]   ArrayPropertyStore v0.A.6: used=1 high=0
2016-03-28 21:37:32.298+0000 INFO  [o.n.k.i.DiagnosticsManager]   NodeStore v0.A.6: used=0 high=-1
2016-03-28 21:37:32.303+0000 INFO  [o.n.k.i.DiagnosticsManager]   StringPropertyStore v0.A.6: used=1 high=0
2016-03-28 21:37:32.309+0000 INFO  [o.n.k.i.DiagnosticsManager]   PropertyIndexStore v0.A.6: used=0 high=-1
2016-03-28 21:37:32.315+0000 INFO  [o.n.k.i.DiagnosticsManager]   StringPropertyStore v0.A.6: used=1 high=0
2016-03-28 21:37:32.321+0000 INFO  [o.n.k.i.DiagnosticsManager]   ArrayPropertyStore v0.A.6: used=1 high=0
2016-03-28 21:37:32.327+0000 INFO  [o.n.k.i.DiagnosticsManager]   PropertyStore v0.A.6: used=0 high=-1
2016-03-28 21:37:32.332+0000 INFO  [o.n.k.i.DiagnosticsManager]   RelationshipStore v0.A.6: used=0 high=-1
2016-03-28 21:37:32.337+0000 INFO  [o.n.k.i.DiagnosticsManager]   StringPropertyStore v0.A.6: used=1 high=0
2016-03-28 21:37:32.343+0000 INFO  [o.n.k.i.DiagnosticsManager]   RelationshipTypeStore v0.A.6: used=0 high=-1
2016-03-28 21:37:32.349+0000 INFO  [o.n.k.i.DiagnosticsManager]   StringPropertyStore v0.A.6: used=1 high=0
2016-03-28 21:37:32.355+0000 INFO  [o.n.k.i.DiagnosticsManager]   LabelTokenStore v0.A.6: used=0 high=-1
2016-03-28 21:37:32.360+0000 INFO  [o.n.k.i.DiagnosticsManager]   SchemaStore v0.A.6: used=1 high=0
2016-03-28 21:37:32.365+0000 INFO  [o.n.k.i.DiagnosticsManager]   RelationshipGroupStore v0.A.6: used=1 high=0
2016-03-28 21:37:32.370+0000 INFO  [o.n.k.i.DiagnosticsManager]   NeoStore v0.A.6: used=13 high=12
2016-03-28 21:37:32.375+0000 INFO  [o.n.k.i.DiagnosticsManager] --- STARTED diagnostics for NEO_STORE_ID_USAGE END ---
2016-03-28 21:37:32.380+0000 INFO  [o.n.k.i.DiagnosticsManager] --- STARTED diagnostics for NEO_STORE_RECORDS START ---
2016-03-28 21:37:32.385+0000 INFO  [o.n.k.i.DiagnosticsManager] Neostore records:
2016-03-28 21:37:32.392+0000 INFO  [o.n.k.i.DiagnosticsManager] TIME (Creation time): 1457552802092
2016-03-28 21:37:32.398+0000 INFO  [o.n.k.i.DiagnosticsManager] RANDOM_NUMBER (Random number for store id): 1977946274690558294
2016-03-28 21:37:32.403+0000 INFO  [o.n.k.i.DiagnosticsManager] LOG_VERSION (Current log version): 0
2016-03-28 21:37:32.408+0000 INFO  [o.n.k.i.DiagnosticsManager] LAST_TRANSACTION_ID (Last committed transaction): 1
2016-03-28 21:37:32.413+0000 INFO  [o.n.k.i.DiagnosticsManager] STORE_VERSION (Store format version): 15250506225055238
2016-03-28 21:37:32.418+0000 INFO  [o.n.k.i.DiagnosticsManager] FIRST_GRAPH_PROPERTY (First property record containing graph properties): -1
2016-03-28 21:37:32.423+0000 INFO  [o.n.k.i.DiagnosticsManager] LAST_CONSTRAINT_TRANSACTION (Last committed transaction containing constraint changes): 0
2016-03-28 21:37:32.428+0000 INFO  [o.n.k.i.DiagnosticsManager] UPGRADE_TRANSACTION_ID (Transaction id most recent upgrade was performed at): 1
2016-03-28 21:37:32.433+0000 INFO  [o.n.k.i.DiagnosticsManager] UPGRADE_TIME (Time of last upgrade): 1457552802092
2016-03-28 21:37:32.438+0000 INFO  [o.n.k.i.DiagnosticsManager] LAST_TRANSACTION_CHECKSUM (Checksum of last committed transaction): 0
2016-03-28 21:37:32.443+0000 INFO  [o.n.k.i.DiagnosticsManager] UPGRADE_TRANSACTION_CHECKSUM (Checksum of transaction id the most recent upgrade was performed at): 0
2016-03-28 21:37:32.448+0000 INFO  [o.n.k.i.DiagnosticsManager] LAST_CLOSED_TRANSACTION_LOG_VERSION (Log version where the last transaction commit entry has been written into): 0
2016-03-28 21:37:32.453+0000 INFO  [o.n.k.i.DiagnosticsManager] LAST_CLOSED_TRANSACTION_LOG_BYTE_OFFSET (Byte offset in the log file where the last transaction commit entry has been written into): 16
2016-03-28 21:37:32.458+0000 INFO  [o.n.k.i.DiagnosticsManager] --- STARTED diagnostics for NEO_STORE_RECORDS END ---
2016-03-28 21:37:32.463+0000 INFO  [o.n.k.i.DiagnosticsManager] --- STARTED diagnostics for TRANSACTION_RANGE START ---
2016-03-28 21:37:32.468+0000 INFO  [o.n.k.i.DiagnosticsManager] Transaction log:
2016-03-28 21:37:32.475+0000 INFO  [o.n.k.i.DiagnosticsManager] Oldest transaction 2 found in log with version 0
2016-03-28 21:37:32.481+0000 INFO  [o.n.k.i.DiagnosticsManager] --- STARTED diagnostics for TRANSACTION_RANGE END ---
2016-03-28 21:37:32.487+0000 INFO  [o.n.k.i.DiagnosticsManager] --- STARTED diagnostics for KernelDiagnostics:StoreFiles START ---
2016-03-28 21:37:32.495+0000 INFO  [o.n.k.i.DiagnosticsManager] Disk space on partition (Total / Free / Free %): 947963031552 / 799017709568 / 84
Storage files: (filename : modification date - size)
2016-03-28 21:37:32.518+0000 INFO  [o.n.k.i.DiagnosticsManager]   dbms:
2016-03-28 21:37:32.524+0000 INFO  [o.n.k.i.DiagnosticsManager]     auth: 2016-03-21T16:38:22+0000 - 138.00 B
2016-03-28 21:37:32.529+0000 INFO  [o.n.k.i.DiagnosticsManager]     ssl:
2016-03-28 21:37:32.535+0000 INFO  [o.n.k.i.DiagnosticsManager]       snakeoil.cert: 2016-03-21T16:38:22+0000 - 640.00 B
2016-03-28 21:37:32.540+0000 INFO  [o.n.k.i.DiagnosticsManager]       snakeoil.key: 2016-03-21T16:38:22+0000 - 928.00 B
2016-03-28 21:37:32.546+0000 INFO  [o.n.k.i.DiagnosticsManager]     - Total: 2016-03-21T16:38:22+0000 - 1.53 kB
2016-03-28 21:37:32.551+0000 INFO  [o.n.k.i.DiagnosticsManager]   - Total: 2016-03-21T16:38:22+0000 - 1.67 kB
2016-03-28 21:37:32.556+0000 INFO  [o.n.k.i.DiagnosticsManager]   index:
2016-03-28 21:37:32.561+0000 INFO  [o.n.k.i.DiagnosticsManager]   - Total: 2016-03-28T22:37:29+0100 - 0.00 B
2016-03-28 21:37:32.567+0000 INFO  [o.n.k.i.DiagnosticsManager]   messages.log: 2016-03-28T22:37:30+0100 - 59.97 kB
2016-03-28 21:37:32.572+0000 INFO  [o.n.k.i.DiagnosticsManager]   neo4j.properties: 2016-03-21T16:38:22+0000 - 1.30 kB
2016-03-28 21:37:32.577+0000 INFO  [o.n.k.i.DiagnosticsManager]   neostore: 2016-03-21T16:38:22+0000 - 8.00 kB
2016-03-28 21:37:32.583+0000 INFO  [o.n.k.i.DiagnosticsManager]   neostore.counts.db.a: 2016-03-21T16:38:22+0000 - 96.00 B
2016-03-28 21:37:32.589+0000 INFO  [o.n.k.i.DiagnosticsManager]   neostore.id: 2016-03-28T22:37:28+0100 - 9.00 B
2016-03-28 21:37:32.595+0000 INFO  [o.n.k.i.DiagnosticsManager]   neostore.labeltokenstore.db: 2016-03-21T16:38:22+0000 - 0.00 B
2016-03-28 21:37:32.601+0000 INFO  [o.n.k.i.DiagnosticsManager]   neostore.labeltokenstore.db.id: 2016-03-28T22:37:28+0100 - 9.00 B
2016-03-28 21:37:32.605+0000 INFO  [o.n.k.i.DiagnosticsManager]   neostore.labeltokenstore.db.names: 2016-03-21T16:38:22+0000 - 8.00 kB
2016-03-28 21:37:32.611+0000 INFO  [o.n.k.i.DiagnosticsManager]   neostore.labeltokenstore.db.names.id: 2016-03-28T22:37:28+0100 - 9.00 B
2016-03-28 21:37:32.616+0000 INFO  [o.n.k.i.DiagnosticsManager]   neostore.nodestore.db: 2016-03-21T16:38:22+0000 - 0.00 B
2016-03-28 21:37:32.622+0000 INFO  [o.n.k.i.DiagnosticsManager]   neostore.nodestore.db.id: 2016-03-28T22:37:27+0100 - 9.00 B
2016-03-28 21:37:32.627+0000 INFO  [o.n.k.i.DiagnosticsManager]   neostore.nodestore.db.labels: 2016-03-21T16:38:22+0000 - 8.00 kB
2016-03-28 21:37:32.633+0000 INFO  [o.n.k.i.DiagnosticsManager]   neostore.nodestore.db.labels.id: 2016-03-28T22:37:27+0100 - 9.00 B
2016-03-28 21:37:32.638+0000 INFO  [o.n.k.i.DiagnosticsManager]   neostore.propertystore.db: 2016-03-21T16:38:22+0000 - 0.00 B
2016-03-28 21:37:32.643+0000 INFO  [o.n.k.i.DiagnosticsManager]   neostore.propertystore.db.arrays: 2016-03-21T16:38:22+0000 - 8.00 kB
2016-03-28 21:37:32.649+0000 INFO  [o.n.k.i.DiagnosticsManager]   neostore.propertystore.db.arrays.id: 2016-03-28T22:37:28+0100 - 9.00 B
2016-03-28 21:37:32.655+0000 INFO  [o.n.k.i.DiagnosticsManager]   neostore.propertystore.db.id: 2016-03-28T22:37:28+0100 - 9.00 B
2016-03-28 21:37:32.660+0000 INFO  [o.n.k.i.DiagnosticsManager]   neostore.propertystore.db.index: 2016-03-21T16:38:22+0000 - 0.00 B
2016-03-28 21:37:32.667+0000 INFO  [o.n.k.i.DiagnosticsManager]   neostore.propertystore.db.index.id: 2016-03-28T22:37:28+0100 - 9.00 B
2016-03-28 21:37:32.671+0000 INFO  [o.n.k.i.DiagnosticsManager]   neostore.propertystore.db.index.keys: 2016-03-21T16:38:22+0000 - 8.00 kB
2016-03-28 21:37:32.677+0000 INFO  [o.n.k.i.DiagnosticsManager]   neostore.propertystore.db.index.keys.id: 2016-03-28T22:37:27+0100 - 9.00 B
2016-03-28 21:37:32.683+0000 INFO  [o.n.k.i.DiagnosticsManager]   neostore.propertystore.db.strings: 2016-03-21T16:38:22+0000 - 8.00 kB
2016-03-28 21:37:32.690+0000 INFO  [o.n.k.i.DiagnosticsManager]   neostore.propertystore.db.strings.id: 2016-03-28T22:37:28+0100 - 9.00 B
2016-03-28 21:37:32.695+0000 INFO  [o.n.k.i.DiagnosticsManager]   neostore.relationshipgroupstore.db: 2016-03-21T16:38:22+0000 - 8.00 kB
2016-03-28 21:37:32.701+0000 INFO  [o.n.k.i.DiagnosticsManager]   neostore.relationshipgroupstore.db.id: 2016-03-28T22:37:28+0100 - 9.00 B
2016-03-28 21:37:32.706+0000 INFO  [o.n.k.i.DiagnosticsManager]   neostore.relationshipstore.db: 2016-03-21T16:38:22+0000 - 0.00 B
2016-03-28 21:37:32.712+0000 INFO  [o.n.k.i.DiagnosticsManager]   neostore.relationshipstore.db.id: 2016-03-28T22:37:28+0100 - 9.00 B
2016-03-28 21:37:32.718+0000 INFO  [o.n.k.i.DiagnosticsManager]   neostore.relationshiptypestore.db: 2016-03-21T16:38:22+0000 - 0.00 B
2016-03-28 21:37:32.724+0000 INFO  [o.n.k.i.DiagnosticsManager]   neostore.relationshiptypestore.db.id: 2016-03-28T22:37:28+0100 - 9.00 B
2016-03-28 21:37:32.728+0000 INFO  [o.n.k.i.DiagnosticsManager]   neostore.relationshiptypestore.db.names: 2016-03-21T16:38:22+0000 - 8.00 kB
2016-03-28 21:37:32.734+0000 INFO  [o.n.k.i.DiagnosticsManager]   neostore.relationshiptypestore.db.names.id: 2016-03-28T22:37:28+0100 - 9.00 B
2016-03-28 21:37:32.739+0000 INFO  [o.n.k.i.DiagnosticsManager]   neostore.schemastore.db: 2016-03-21T16:38:22+0000 - 8.00 kB
2016-03-28 21:37:32.744+0000 INFO  [o.n.k.i.DiagnosticsManager]   neostore.schemastore.db.id: 2016-03-28T22:37:28+0100 - 9.00 B
2016-03-28 21:37:32.749+0000 INFO  [o.n.k.i.DiagnosticsManager]   neostore.transaction.db.0: 2016-03-21T16:38:22+0000 - 34.00 B
2016-03-28 21:37:32.754+0000 INFO  [o.n.k.i.DiagnosticsManager]   schema:
2016-03-28 21:37:32.759+0000 INFO  [o.n.k.i.DiagnosticsManager]     label:
2016-03-28 21:37:32.764+0000 INFO  [o.n.k.i.DiagnosticsManager]       lucene:
2016-03-28 21:37:32.770+0000 INFO  [o.n.k.i.DiagnosticsManager]         segments.gen: 2016-03-21T16:38:22+0000 - 20.00 B
2016-03-28 21:37:32.775+0000 INFO  [o.n.k.i.DiagnosticsManager]         segments_1: 2016-03-21T16:38:22+0000 - 32.00 B
2016-03-28 21:37:32.780+0000 INFO  [o.n.k.i.DiagnosticsManager]         write.lock: 2016-03-28T22:37:29+0100 - 0.00 B
2016-03-28 21:37:32.786+0000 INFO  [o.n.k.i.DiagnosticsManager]       - Total: 2016-03-28T22:37:29+0100 - 52.00 B
2016-03-28 21:37:32.791+0000 INFO  [o.n.k.i.DiagnosticsManager]     - Total: 2016-03-21T16:38:22+0000 - 52.00 B
2016-03-28 21:37:32.796+0000 INFO  [o.n.k.i.DiagnosticsManager]   - Total: 2016-03-21T16:38:22+0000 - 52.00 B
2016-03-28 21:37:32.801+0000 INFO  [o.n.k.i.DiagnosticsManager]   store_lock: 2016-03-21T16:38:22+0000 - 0.00 B
2016-03-28 21:37:32.806+0000 INFO  [o.n.k.i.DiagnosticsManager] --- STARTED diagnostics for KernelDiagnostics:StoreFiles END ---
2016-03-28 21:37:36.776+0000 INFO  [o.n.k.i.DiagnosticsManager] --- SERVER STARTED START ---
2016-03-28 21:37:40.704+0000 INFO  [o.n.k.i.DiagnosticsManager] --- SERVER STARTED END ---
2016-03-28 22:30:57.034+0000 INFO  [o.n.k.i.f.GraphDatabaseFacade] Shutdown started
2016-03-28 22:30:57.040+0000 INFO  [o.n.k.i.f.CommunityFacadeFactory] Database is now unavailable
2016-03-28 22:30:57.101+0000 INFO  [o.n.k.i.t.l.c.CheckPointerImpl] Check Pointing triggered by database shutdown [1]:  Starting check pointing...
2016-03-28 22:30:57.108+0000 INFO  [o.n.k.i.t.l.c.CheckPointerImpl] Check Pointing triggered by database shutdown [1]:  Starting store flush...
2016-03-28 22:30:57.132+0000 INFO  [o.n.k.i.t.l.c.CheckPointerImpl] Check Pointing triggered by database shutdown [1]:  Store flush completed
2016-03-28 22:30:57.139+0000 INFO  [o.n.k.i.t.l.c.CheckPointerImpl] Check Pointing triggered by database shutdown [1]:  Starting appending check point entry into the tx log...
2016-03-28 22:30:57.224+0000 INFO  [o.n.k.i.t.l.c.CheckPointerImpl] Check Pointing triggered by database shutdown [1]:  Appending check point entry into the tx log completed
2016-03-28 22:30:57.232+0000 INFO  [o.n.k.i.t.l.c.CheckPointerImpl] Check Pointing triggered by database shutdown [1]:  Check pointing completed
2016-03-28 22:30:57.239+0000 INFO  [o.n.k.i.t.l.p.LogPruningImpl] Log Rotation [0]:  Starting log pruning.
2016-03-28 22:30:57.245+0000 INFO  [o.n.k.i.t.l.p.LogPruningImpl] Log Rotation [0]:  Log pruning complete.
2016-03-28 22:30:58.777+0000 INFO  [o.n.k.NeoStoreDataSource] NeoStores closed
2016-03-28 22:30:58.783+0000 INFO  [o.n.k.i.DiagnosticsManager] --- STOPPING diagnostics START ---
2016-03-28 22:30:58.784+0000 INFO  [o.n.k.i.DiagnosticsManager] --- STOPPING diagnostics END ---
